<?xml version="1.0" encoding="UTF-8"?>
<!-- Generated by org.testng.reporters.JUnitReportReporter -->
<testsuite hostname="DESKTOP-EKMNINB" failures="0" tests="1" name="ghhandson.tc.FirstTC" time="0.019" errors="0" timestamp="2025-07-28T12:29:39 IST" skipped="0">
  <testcase classname="ghhandson.tc.FirstTC" name="addFirstTC" time="0.019"/>
</testsuite> <!-- ghhandson.tc.FirstTC -->
